2024-09-22 15:51:46,494:INFO:Load cleaned store data
2024-09-22 16:09:56,273:INFO:Load cleaned store data
2024-09-22 16:11:35,852:INFO:Load cleaned store data
2024-09-22 16:13:03,838:INFO:Load cleaned store data
2024-09-22 16:15:19,716:INFO:Load cleaned store data
2024-09-22 16:36:09,659:INFO:Load cleaned store data
2024-09-22 16:40:27,340:INFO:Load cleaned store data
2024-09-22 16:46:56,871:INFO:Load cleaned store data
2024-09-22 16:49:52,474:INFO:Load cleaned store data
2024-09-22 16:57:28,757:INFO:Load cleaned store data
2024-09-22 16:58:34,134:INFO:Load cleaned store data
2024-09-23 11:13:11,296:INFO:Load cleaned store data
2024-09-23 15:01:09,881:INFO:Load cleaned store data
2024-09-23 15:26:25,805:INFO:Load cleaned store data
2024-09-23 16:13:28,695:INFO:Load cleaned store data
2024-09-23 16:17:36,363:INFO:Load cleaned store data
2024-09-23 16:17:41,634:INFO:Sampling the data to 10% for memory efficiency.
2024-09-23 16:17:41,880:INFO:Preprocessing the data.
2024-09-23 16:17:42,091:INFO:Performing ADF test to check stationarity.
2024-09-23 16:18:18,033:INFO:ADF Statistic: -224.44179127183483
2024-09-23 16:18:18,043:INFO:p-value: 0.0
2024-09-23 16:18:18,049:INFO:Data is stationary. No differencing required.
2024-09-23 16:18:18,050:INFO:Transforming the time series data into supervised learning format.
2024-09-23 16:18:18,053:INFO:Scaling the data between (-1, 1).
2024-09-23 16:18:18,129:INFO:Creating sliding window data with time_step=5.
2024-09-23 16:18:18,339:INFO:Splitting the data into training and testing sets.
2024-09-23 16:18:18,345:INFO:Building the LSTM model.
2024-09-23 16:18:18,809:INFO:Compiling the model.
2024-09-23 16:18:18,826:INFO:Training the model.
2024-09-23 16:22:45,881:INFO:Making predictions on the test set.
2024-09-23 16:22:48,398:INFO:Inverse transforming to get actual sales values.
2024-09-23 16:22:48,398:INFO:Calculating RMSE.
2024-09-23 16:22:48,407:INFO:Test RMSE: 1.0081562995910645
2024-09-23 16:22:48,407:INFO:Plotting the results.
2024-09-23 16:22:48,887:INFO:Process complete.
